<?xml version="1.0" encoding="UTF-8"?>
<testsuite name="com.basic.springboot.web.IndexControllerTest" tests="1" skipped="0" failures="0" errors="0" timestamp="2020-09-12T12:45:33" hostname="DESKTOP-H3LF14J" time="0.31">
  <properties/>
  <testcase name="mainPage_loading" classname="com.basic.springboot.web.IndexControllerTest" time="0.31"/>
  <system-out><![CDATA[2020-09-12 21:45:29.677  INFO 21836 --- [    Test worker] .b.t.c.SpringBootTestContextBootstrapper : Neither @ContextConfiguration nor @ContextHierarchy found for test class [com.basic.springboot.web.IndexControllerTest], using SpringBootContextLoader
2020-09-12 21:45:29.680  INFO 21836 --- [    Test worker] o.s.t.c.support.AbstractContextLoader    : Could not detect default resource locations for test class [com.basic.springboot.web.IndexControllerTest]: no resource found for suffixes {-context.xml, Context.groovy}.
2020-09-12 21:45:29.680  INFO 21836 --- [    Test worker] t.c.s.AnnotationConfigContextLoaderUtils : Could not detect default configuration classes for test class [com.basic.springboot.web.IndexControllerTest]: IndexControllerTest does not declare any static, non-private, non-final, nested classes annotated with @Configuration.
2020-09-12 21:45:29.684  INFO 21836 --- [    Test worker] .b.t.c.SpringBootTestContextBootstrapper : Found @SpringBootConfiguration com.basic.springboot.Application for test class com.basic.springboot.web.IndexControllerTest
2020-09-12 21:45:29.687  INFO 21836 --- [    Test worker] .b.t.c.SpringBootTestContextBootstrapper : Loaded default TestExecutionListener class names from location [META-INF/spring.factories]: [org.springframework.security.test.context.support.WithSecurityContextTestExecutionListener, org.springframework.security.test.context.support.ReactorContextTestExecutionListener, org.springframework.boot.test.autoconfigure.restdocs.RestDocsTestExecutionListener, org.springframework.boot.test.autoconfigure.web.client.MockRestServiceServerResetTestExecutionListener, org.springframework.boot.test.autoconfigure.web.servlet.MockMvcPrintOnlyOnFailureTestExecutionListener, org.springframework.boot.test.autoconfigure.web.servlet.WebDriverTestExecutionListener, org.springframework.boot.test.mock.mockito.MockitoTestExecutionListener, org.springframework.boot.test.mock.mockito.ResetMocksTestExecutionListener, org.springframework.test.context.web.ServletTestExecutionListener, org.springframework.test.context.support.DirtiesContextBeforeModesTestExecutionListener, org.springframework.test.context.support.DependencyInjectionTestExecutionListener, org.springframework.test.context.support.DirtiesContextTestExecutionListener, org.springframework.test.context.transaction.TransactionalTestExecutionListener, org.springframework.test.context.jdbc.SqlScriptsTestExecutionListener]
2020-09-12 21:45:29.690  INFO 21836 --- [    Test worker] .b.t.c.SpringBootTestContextBootstrapper : Using TestExecutionListeners: [org.springframework.test.context.web.ServletTestExecutionListener@38f35760, org.springframework.test.context.support.DirtiesContextBeforeModesTestExecutionListener@6bb37ed6, org.springframework.boot.test.mock.mockito.MockitoTestExecutionListener@432df541, org.springframework.boot.test.autoconfigure.SpringBootDependencyInjectionTestExecutionListener@736818c9, org.springframework.test.context.support.DirtiesContextTestExecutionListener@51821993, org.springframework.test.context.transaction.TransactionalTestExecutionListener@213798bb, org.springframework.test.context.jdbc.SqlScriptsTestExecutionListener@d1cf621, org.springframework.security.test.context.support.WithSecurityContextTestExecutionListener@3e01091b, org.springframework.security.test.context.support.ReactorContextTestExecutionListener@7f0ed1c9, org.springframework.boot.test.autoconfigure.restdocs.RestDocsTestExecutionListener@62e17cd3, org.springframework.boot.test.autoconfigure.web.client.MockRestServiceServerResetTestExecutionListener@8a63350, org.springframework.boot.test.autoconfigure.web.servlet.MockMvcPrintOnlyOnFailureTestExecutionListener@3e59aa8e, org.springframework.boot.test.autoconfigure.web.servlet.WebDriverTestExecutionListener@3750a415, org.springframework.boot.test.mock.mockito.ResetMocksTestExecutionListener@5ebe41c8]

  .   ____          _            __ _ _
 /\\ / ___'_ __ _ _(_)_ __  __ _ \ \ \ \
( ( )\___ | '_ | '_| | '_ \/ _` | \ \ \ \
 \\/  ___)| |_)| | | | | || (_| |  ) ) ) )
  '  |____| .__|_| |_|_| |_\__, | / / / /
 =========|_|==============|___/=/_/_/_/
 :: Spring Boot ::        (v2.1.9.RELEASE)

2020-09-12 21:45:29.761  INFO 21836 --- [    Test worker] c.b.springboot.web.IndexControllerTest   : Starting IndexControllerTest on DESKTOP-H3LF14J with PID 21836 (started by Jeongeun in C:\Users\Jeongeun\IdeaProjects\springboot-basic-webservice)
2020-09-12 21:45:29.762  INFO 21836 --- [    Test worker] c.b.springboot.web.IndexControllerTest   : No active profile set, falling back to default profiles: default
2020-09-12 21:45:30.194  INFO 21836 --- [    Test worker] .s.d.r.c.RepositoryConfigurationDelegate : Bootstrapping Spring Data repositories in DEFAULT mode.
2020-09-12 21:45:30.246  INFO 21836 --- [    Test worker] .s.d.r.c.RepositoryConfigurationDelegate : Finished Spring Data repository scanning in 52ms. Found 2 repository interfaces.
2020-09-12 21:45:30.427  INFO 21836 --- [    Test worker] trationDelegate$BeanPostProcessorChecker : Bean 'org.springframework.transaction.annotation.ProxyTransactionManagementConfiguration' of type [org.springframework.transaction.annotation.ProxyTransactionManagementConfiguration$$EnhancerBySpringCGLIB$$85b47e5b] is not eligible for getting processed by all BeanPostProcessors (for example: not eligible for auto-proxying)
2020-09-12 21:45:30.911  INFO 21836 --- [    Test worker] o.s.b.w.embedded.tomcat.TomcatWebServer  : Tomcat initialized with port(s): 0 (http)
2020-09-12 21:45:30.960  INFO 21836 --- [    Test worker] o.apache.catalina.core.StandardService   : Starting service [Tomcat]
2020-09-12 21:45:30.961  INFO 21836 --- [    Test worker] org.apache.catalina.core.StandardEngine  : Starting Servlet engine: [Apache Tomcat/9.0.26]
2020-09-12 21:45:31.278  INFO 21836 --- [    Test worker] o.a.c.c.C.[Tomcat].[localhost].[/]       : Initializing Spring embedded WebApplicationContext
2020-09-12 21:45:31.278  INFO 21836 --- [    Test worker] o.s.web.context.ContextLoader            : Root WebApplicationContext: initialization completed in 1512 ms
2020-09-12 21:45:31.590  INFO 21836 --- [    Test worker] com.zaxxer.hikari.HikariDataSource       : HikariPool-2 - Starting...
2020-09-12 21:45:31.592  INFO 21836 --- [    Test worker] com.zaxxer.hikari.HikariDataSource       : HikariPool-2 - Start completed.
2020-09-12 21:45:31.668  INFO 21836 --- [    Test worker] o.hibernate.jpa.internal.util.LogHelper  : HHH000204: Processing PersistenceUnitInfo [
	name: default
	...]
2020-09-12 21:45:31.694  INFO 21836 --- [    Test worker] org.hibernate.dialect.Dialect            : HHH000400: Using dialect: org.hibernate.dialect.MySQL5InnoDBDialect
Hibernate: drop table if exists posts
Hibernate: drop table if exists user
Hibernate: create table posts (id bigint not null auto_increment, created_date datetime, modified_date datetime, author varchar(255), content TEXT not null, title varchar(500) not null, primary key (id)) engine=InnoDB
Hibernate: create table user (id bigint not null auto_increment, created_date datetime, modified_date datetime, email varchar(255) not null, name varchar(255) not null, picture varchar(255), role varchar(255) not null, primary key (id)) engine=InnoDB
2020-09-12 21:45:31.791  INFO 21836 --- [    Test worker] o.h.t.schema.internal.SchemaCreatorImpl  : HHH000476: Executing import script 'org.hibernate.tool.schema.internal.exec.ScriptSourceInputNonExistentImpl@71c23aca'
2020-09-12 21:45:31.792  INFO 21836 --- [    Test worker] j.LocalContainerEntityManagerFactoryBean : Initialized JPA EntityManagerFactory for persistence unit 'default'
2020-09-12 21:45:32.378  INFO 21836 --- [    Test worker] o.h.h.i.QueryTranslatorFactoryInitiator  : HHH000397: Using ASTQueryTranslatorFactory
2020-09-12 21:45:32.669  INFO 21836 --- [    Test worker] o.s.s.web.DefaultSecurityFilterChain     : Creating filter chain: any request, [org.springframework.security.web.context.request.async.WebAsyncManagerIntegrationFilter@7b5b983c, org.springframework.security.web.context.SecurityContextPersistenceFilter@71fc9801, org.springframework.security.web.header.HeaderWriterFilter@7e2430cd, org.springframework.security.web.authentication.logout.LogoutFilter@2180b4e3, org.springframework.security.oauth2.client.web.OAuth2AuthorizationRequestRedirectFilter@3b7ce7f6, org.springframework.security.oauth2.client.web.OAuth2LoginAuthenticationFilter@7dbad5b, org.springframework.security.web.authentication.ui.DefaultLoginPageGeneratingFilter@34a91ee7, org.springframework.security.web.authentication.ui.DefaultLogoutPageGeneratingFilter@43c2d4cf, org.springframework.security.web.savedrequest.RequestCacheAwareFilter@220f82ab, org.springframework.security.web.servletapi.SecurityContextHolderAwareRequestFilter@7d726c7f, org.springframework.security.web.authentication.AnonymousAuthenticationFilter@1fddd816, org.springframework.security.web.session.SessionManagementFilter@28ac27d9, org.springframework.security.web.access.ExceptionTranslationFilter@5ac12c31, org.springframework.security.web.access.intercept.FilterSecurityInterceptor@2db2a26a]
2020-09-12 21:45:33.006  INFO 21836 --- [    Test worker] o.s.s.concurrent.ThreadPoolTaskExecutor  : Initializing ExecutorService 'applicationTaskExecutor'
2020-09-12 21:45:33.028  WARN 21836 --- [    Test worker] aWebConfiguration$JpaWebMvcConfiguration : spring.jpa.open-in-view is enabled by default. Therefore, database queries may be performed during view rendering. Explicitly configure spring.jpa.open-in-view to disable this warning
2020-09-12 21:45:33.068  INFO 21836 --- [    Test worker] o.s.b.a.w.s.WelcomePageHandlerMapping    : Adding welcome page template: index
2020-09-12 21:45:33.551  INFO 21836 --- [    Test worker] s.a.ScheduledAnnotationBeanPostProcessor : No TaskScheduler/ScheduledExecutorService bean found for scheduled processing
2020-09-12 21:45:33.587  INFO 21836 --- [    Test worker] o.s.b.w.embedded.tomcat.TomcatWebServer  : Tomcat started on port(s): 56458 (http) with context path ''
2020-09-12 21:45:33.589  INFO 21836 --- [    Test worker] c.b.springboot.web.IndexControllerTest   : Started IndexControllerTest in 3.895 seconds (JVM running for 19.435)
2020-09-12 21:45:33.757  INFO 21836 --- [o-auto-1-exec-1] o.a.c.c.C.[Tomcat].[localhost].[/]       : Initializing Spring DispatcherServlet 'dispatcherServlet'
2020-09-12 21:45:33.758  INFO 21836 --- [o-auto-1-exec-1] o.s.web.servlet.DispatcherServlet        : Initializing Servlet 'dispatcherServlet'
2020-09-12 21:45:33.789  INFO 21836 --- [o-auto-1-exec-1] o.s.web.servlet.DispatcherServlet        : Completed initialization in 31 ms
Hibernate: select posts0_.id as id1_0_, posts0_.created_date as created_2_0_, posts0_.modified_date as modified3_0_, posts0_.author as author4_0_, posts0_.content as content5_0_, posts0_.title as title6_0_ from posts posts0_ order by posts0_.id DESC
]]></system-out>
  <system-err><![CDATA[]]></system-err>
</testsuite>
